Packet({'direction': <Direction.OUTBOUND: 0>,
 'dst_addr': '92.247.86.146',
 'dst_port': 31462,
 'icmpv4': None,
 'icmpv6': None,
 'interface': (6, 0),
 'ipv4': {'cksum': 0,
          'df': False,
          'diff_serv': 0,
          'dscp': 0,
          'dst_addr': '92.247.86.146',
          'ecn': 0,
          'evil': False,
          'flags': 0,
          'frag_offset': 0,
          'hdr_len': 5,
          'header_len': 20,
          'ident': 1425,
          'mf': False,
          'packet_len': 404,
          'raw': <memory at 0x000002278FFB2D40>,
          'reserved': False,
          'src_addr': '192.168.1.8',
          'tos': 0,
          'ttl': 128},
 'ipv6': None,
 'is_inbound': False,
 'is_loopback': False,
 'is_outbound': True,
 'payload': b'\x17\xfe\xfd\x00\x00\x00\x00\x00\x04A\x88\x01\x88\xb2\xeb\x00'
            b'\x9920\xfe...',
 'raw': <memory at 0x000002278FFB37C0>,
 'src_addr': '192.168.1.8',
 'src_port': 22846,
 'tcp': None,
 'udp': {'cksum': 0,
         'dst_port': 31462,
         'header_len': 8,
         'payload': b'\x17\xfe\xfd\x00\x00\x00\x00\x00\x04A\x88\x01'
                    b'\x88\xb2\xeb\x00\x9920\xfe...',
         'payload_len': 376,
         'raw': <memory at 0x000002278FFB3100>,
         'src_port': 22846},
 'wd_addr': <pydivert.windivert_dll.structs.WinDivertAddress object at 0x0000022791AFD3D0>})