Packet({'direction': <Direction.INBOUND: 1>,
 'dst_addr': '192.168.1.8',
 'dst_port': 22846,
 'icmpv4': None,
 'icmpv6': None,
 'interface': (6, 0),
 'ipv4': {'cksum': 48803,
          'df': False,
          'diff_serv': 0,
          'dscp': 0,
          'dst_addr': '192.168.1.8',
          'ecn': 0,
          'evil': False,
          'flags': 0,
          'frag_offset': 0,
          'hdr_len': 5,
          'header_len': 20,
          'ident': 3519,
          'mf': False,
          'packet_len': 81,
          'raw': <memory at 0x000002278FFB3100>,
          'reserved': False,
          'src_addr': '92.247.86.146',
          'tos': 0,
          'ttl': 121},
 'ipv6': None,
 'is_inbound': True,
 'is_loopback': False,
 'is_outbound': False,
 'payload': b'\x17\xfe\xfd\x00\x00\x00\x00\x00\x03#\x00\x00E\xc6\xd2\xf0'
            b'I\xe6`\x13...',
 'raw': <memory at 0x000002278FFB34C0>,
 'src_addr': '92.247.86.146',
 'src_port': 31462,
 'tcp': None,
 'udp': {'cksum': 8177,
         'dst_port': 22846,
         'header_len': 8,
         'payload': b'\x17\xfe\xfd\x00\x00\x00\x00\x00\x03#\x00\x00'
                    b'E\xc6\xd2\xf0I\xe6`\x13...',
         'payload_len': 53,
         'raw': <memory at 0x000002278FFB2D40>,
         'src_port': 31462},
 'wd_addr': <pydivert.windivert_dll.structs.WinDivertAddress object at 0x0000022791AFCDD0>})