2026-03-24 10:19:29,443 - DEBUG - Packet({'direction': <Direction.OUTBOUND: 0>,
 'dst_addr': '92.247.86.146',
 'dst_port': 31817,
 'icmpv4': None,
 'icmpv6': None,
 'interface': (8, 0),
 'ipv4': {'cksum': 5081,
          'df': False,
          'diff_serv': 0,
          'dscp': 0,
          'dst_addr': '92.247.86.146',
          'ecn': 0,
          'evil': False,
          'flags': 0,
          'frag_offset': 0,
          'hdr_len': 5,
          'header_len': 20,
          'ident': 45354,
          'mf': False,
          'packet_len': 176,
          'raw': <memory at 0x0000024F757F7DC0>,
          'reserved': False,
          'src_addr': '192.168.1.8',
          'tos': 0,
          'ttl': 128},
 'ipv6': None,
 'is_inbound': False,
 'is_loopback': False,
 'is_outbound': True,
 'payload': b'\x17\xfe\xfd\x00\x00\x00\x00\x00\x03BL\x00\xa4\xbca"\'^\xe3\xc4'
            b'...',
 'raw': <memory at 0x0000024F7739C280>,
 'src_addr': '192.168.1.8',
 'src_port': 22846,
 'tcp': None,
 'udp': {'cksum': 27090,
         'dst_port': 31817,
         'header_len': 8,
         'payload': b'\x17\xfe\xfd\x00\x00\x00\x00\x00\x03BL\x00\xa4\xbca"'
                    b"'^\xe3\xc4...",
         'payload_len': 148,
         'raw': <memory at 0x0000024F7739C400>,
         'src_port': 22846},
 'wd_addr': <pydivert.windivert_dll.structs.WinDivertAddress object at 0x0000024F7734F2D0>})
